  ChaosGame.cpp
C:\Users\majda\source\repos\ChaosGame\code\ChaosGame.cpp(70,91): warning C4244: 'argument': conversion from 'int' to 'T', possible loss of data
C:\Users\majda\source\repos\ChaosGame\code\ChaosGame.cpp(70,91): warning C4244:         with
C:\Users\majda\source\repos\ChaosGame\code\ChaosGame.cpp(70,91): warning C4244:         [
C:\Users\majda\source\repos\ChaosGame\code\ChaosGame.cpp(70,91): warning C4244:             T=float
C:\Users\majda\source\repos\ChaosGame\code\ChaosGame.cpp(70,91): warning C4244:         ]
C:\Users\majda\source\repos\ChaosGame\code\ChaosGame.cpp(70,70): warning C4244: 'argument': conversion from 'int' to 'T', possible loss of data
C:\Users\majda\source\repos\ChaosGame\code\ChaosGame.cpp(70,70): warning C4244:         with
C:\Users\majda\source\repos\ChaosGame\code\ChaosGame.cpp(70,70): warning C4244:         [
C:\Users\majda\source\repos\ChaosGame\code\ChaosGame.cpp(70,70): warning C4244:             T=float
C:\Users\majda\source\repos\ChaosGame\code\ChaosGame.cpp(70,70): warning C4244:         ]
C:\Users\majda\source\repos\ChaosGame\code\ChaosGame.cpp(76,89): warning C4244: 'argument': conversion from 'int' to 'T', possible loss of data
C:\Users\majda\source\repos\ChaosGame\code\ChaosGame.cpp(76,89): warning C4244:         with
C:\Users\majda\source\repos\ChaosGame\code\ChaosGame.cpp(76,89): warning C4244:         [
C:\Users\majda\source\repos\ChaosGame\code\ChaosGame.cpp(76,89): warning C4244:             T=float
C:\Users\majda\source\repos\ChaosGame\code\ChaosGame.cpp(76,89): warning C4244:         ]
C:\Users\majda\source\repos\ChaosGame\code\ChaosGame.cpp(76,68): warning C4244: 'argument': conversion from 'int' to 'T', possible loss of data
C:\Users\majda\source\repos\ChaosGame\code\ChaosGame.cpp(76,68): warning C4244:         with
C:\Users\majda\source\repos\ChaosGame\code\ChaosGame.cpp(76,68): warning C4244:         [
C:\Users\majda\source\repos\ChaosGame\code\ChaosGame.cpp(76,68): warning C4244:             T=float
C:\Users\majda\source\repos\ChaosGame\code\ChaosGame.cpp(76,68): warning C4244:         ]
  ChaosGame.vcxproj -> C:\Users\majda\source\repos\ChaosGame\x64\Debug\ChaosGame.exe
